<?xml version="1.0" encoding="UTF-8"?>
<testng-results ignored="0" total="1" passed="1" failed="0" skipped="0">
  <reporter-output>
  </reporter-output>
  <suite started-at="2020-11-28T16:07:44 CST" name="saucedemo.LoginTest" finished-at="2020-11-28T16:07:48 CST" duration-ms="4002">
    <groups>
    </groups>
    <test started-at="2020-11-28T16:07:44 CST" name="Command line test" finished-at="2020-11-28T16:07:48 CST" duration-ms="4002">
      <class name="saucedemo.LoginTest">
        <test-method is-config="true" signature="setUp()[pri:0, instance:saucedemo.LoginTest@7ce6a65d]" started-at="2020-11-28T16:07:44 CST" name="setUp" finished-at="2020-11-28T16:07:46 CST" duration-ms="2192" status="PASS">
          <reporter-output>
          </reporter-output>
        </test-method> <!-- setUp -->
        <test-method signature="loginTest()[pri:0, instance:saucedemo.LoginTest@7ce6a65d]" started-at="2020-11-28T16:07:46 CST" name="loginTest" finished-at="2020-11-28T16:07:48 CST" duration-ms="1664" status="PASS">
          <reporter-output>
          </reporter-output>
        </test-method> <!-- loginTest -->
        <test-method is-config="true" signature="tearDown()[pri:0, instance:saucedemo.LoginTest@7ce6a65d]" started-at="2020-11-28T16:07:48 CST" name="tearDown" finished-at="2020-11-28T16:07:48 CST" duration-ms="86" status="PASS">
          <reporter-output>
          </reporter-output>
        </test-method> <!-- tearDown -->
      </class> <!-- saucedemo.LoginTest -->
    </test> <!-- Command line test -->
  </suite> <!-- saucedemo.LoginTest -->
</testng-results>
